<?xml version="1.0" encoding="UTF-8"?>
<!-- Generated by org.testng.reporters.JUnitReportReporter -->
<testsuite hostname="aluga-059153" failures="0" tests="1" name="tests.TestPage" time="11.222" errors="0" timestamp="2021-10-10T18:02:20 BRT" skipped="0">
  <testcase classname="tests.TestPage" name="testSelect" time="11.222"/>
  <system-out/>
</testsuite> <!-- tests.TestPage -->
